<?xml version="1.0" encoding="UTF-8"?>
<!-- Generated by org.testng.reporters.JUnitXMLReporter -->
<testsuite hostname="sachin4597-01" ignored="0" name="Test Application - Edge" tests="2" failures="0" timestamp="04 Aug 2019 09:18:11 GMT" time="12.209" errors="0">
  <testcase name="@BeforeMethod initializeRestClient" time="0.017" classname="com.nag.nagp.testcasebase.TestCasesBase">
    <failure type="java.lang.NullPointerException">
      <![CDATA[java.lang.NullPointerException
at com.nag.nagp.selenium.keywords.SeleniumKeywords.navigateTo(SeleniumKeywords.java:63)
at com.nag.nagp.testcasebase.TestCasesBase.initializeRestClient(TestCasesBase.java:81)
at java.util.concurrent.FutureTask.run(FutureTask.java:266)
at java.util.concurrent.ThreadPoolExecutor.runWorker(ThreadPoolExecutor.java:1149)
at java.util.concurrent.ThreadPoolExecutor$Worker.run(ThreadPoolExecutor.java:624)
at java.lang.Thread.run(Thread.java:748)
... Removed 19 stack frames]]>
    </failure>
  </testcase> <!-- @BeforeMethod initializeRestClient -->
  <testcase name="@AfterMethod getResult" time="0.0" classname="com.nag.nagp.testcasebase.TestCasesBase">
    <skipped/>
  </testcase> <!-- @AfterMethod getResult -->
  <testcase name="@BeforeMethod initializeRestClient" time="0.0" classname="com.nag.nagp.testcasebase.TestCasesBase">
    <skipped/>
  </testcase> <!-- @BeforeMethod initializeRestClient -->
  <testcase name="@AfterMethod getResult" time="0.0" classname="com.nag.nagp.testcasebase.TestCasesBase">
    <skipped/>
  </testcase> <!-- @AfterMethod getResult -->
  <testcase name="@AfterTest tearDown" time="0.45" classname="com.nag.nagp.testcasebase.TestCasesBase">
    <failure type="java.lang.NullPointerException">
      <![CDATA[java.lang.NullPointerException
at com.nag.nagp.client.BrowserFactory.quitDriver(BrowserFactory.java:87)
at com.nag.nagp.testcasebase.TestCasesBase.tearDown(TestCasesBase.java:105)
at java.util.concurrent.FutureTask.run(FutureTask.java:266)
at java.util.concurrent.ThreadPoolExecutor.runWorker(ThreadPoolExecutor.java:1149)
at java.util.concurrent.ThreadPoolExecutor$Worker.run(ThreadPoolExecutor.java:624)
at java.lang.Thread.run(Thread.java:748)
... Removed 15 stack frames]]>
    </failure>
  </testcase> <!-- @AfterTest tearDown -->
  <testcase name="Test_Validate_BusTicket_Fields" time="0.0" classname="com.nag.nagp.testcases.Test_Redbus_BusTicket_BookingPage">
    <skipped/>
  </testcase> <!-- Test_Validate_BusTicket_Fields -->
  <testcase name="Test_Validate_BusesSameSourceDestination" time="0.0" classname="com.nag.nagp.testcases.Test_Redbus_BusTicket_BookingPage">
    <skipped/>
  </testcase> <!-- Test_Validate_BusesSameSourceDestination -->
</testsuite> <!-- Test Application - Edge -->
