<?xml version="1.0" encoding="UTF-8"?>
<!-- Generated by org.testng.reporters.JUnitXMLReporter -->
<testsuite hostname="sachin4597-01" ignored="6" name="Test" tests="10" failures="0" timestamp="02 Jun 2019 11:10:31 GMT" time="231.852" errors="0">
  <testcase name="Test_Validate_BusTicket_Fields" time="0.72" classname="com.nag.nagp.testcases.Test_Redbus_BusTicket_BookingPage"/>
  <testcase name="Test_Validate_BusesBetween_Delhi_Jaipur" time="4.288" classname="com.nag.nagp.testcases.Test_Redbus_BusTicket_BookingPage"/>
  <testcase name="Test_Validate_BusesSameSourceDestination" time="2.483" classname="com.nag.nagp.testcases.Test_Redbus_BusTicket_BookingPage"/>
  <testcase name="Test_Validate_BusesWithNoOriginDate" time="1.389" classname="com.nag.nagp.testcases.Test_Redbus_BusTicket_BookingPage"/>
  <testcase name="Test_BusListFilters" time="3.923" classname="com.nag.nagp.testcases.Test_Redbus_BusList_Page"/>
  <testcase name="Test_BusListResetFilter" time="115.74" classname="com.nag.nagp.testcases.Test_Redbus_BusList_Page"/>
  <testcase name="Test_BusList_With_LiveTracking_Filter" time="15.24" classname="com.nag.nagp.testcases.Test_Redbus_BusList_Page"/>
  <testcase name="Test_Validate_BusCountWithWifi" time="53.927" classname="com.nag.nagp.testcases.Test_Redbus_BusDetails"/>
  <testcase name="Test_Validate_WifiIcon" time="5.702" classname="com.nag.nagp.testcases.Test_Redbus_BusDetails"/>
  <testcase name="Test_MaxGuestPerRoom" time="2.069" classname="com.nag.nagp.testcases.Test_Redbus_HotelDetails"/>
  <testcase name="@BeforeSuite BeforeSuite" time="0.0" classname="com.nag.nagp.testcasebase.TestCasesBase">
    <ignored/>
  </testcase> <!-- @BeforeSuite BeforeSuite -->
  <testcase name="@BeforeSuite BeforeSuite" time="0.0" classname="com.nag.nagp.testcasebase.TestCasesBase">
    <ignored/>
  </testcase> <!-- @BeforeSuite BeforeSuite -->
  <testcase name="@BeforeSuite BeforeSuite" time="0.0" classname="com.nag.nagp.testcasebase.TestCasesBase">
    <ignored/>
  </testcase> <!-- @BeforeSuite BeforeSuite -->
  <testcase name="@AfterSuite tearDown" time="0.0" classname="com.nag.nagp.testcasebase.TestCasesBase">
    <ignored/>
  </testcase> <!-- @AfterSuite tearDown -->
  <testcase name="@AfterSuite tearDown" time="0.0" classname="com.nag.nagp.testcasebase.TestCasesBase">
    <ignored/>
  </testcase> <!-- @AfterSuite tearDown -->
  <testcase name="@AfterSuite tearDown" time="0.0" classname="com.nag.nagp.testcasebase.TestCasesBase">
    <ignored/>
  </testcase> <!-- @AfterSuite tearDown -->
</testsuite> <!-- Test -->
